Flow report for riscv
Mon May  4 14:37:30 2020
Quartus Prime Version 16.1.0 Build 196 10/24/2016 SJ Lite Edition


---------------------
; Table of Contents ;
---------------------
  1. Legal Notice
  2. Flow Summary
  3. Flow Settings
  4. Flow Non-Default Global Settings
  5. Flow Elapsed Time
  6. Flow OS Summary
  7. Flow Log
  8. Flow Messages
  9. Flow Suppressed Messages



----------------
; Legal Notice ;
----------------
Copyright (C) 2016  Intel Corporation. All rights reserved.
Your use of Intel Corporation's design tools, logic functions 
and other software and tools, and its AMPP partner logic 
functions, and any output files from any of the foregoing 
(including device programming or simulation files), and any 
associated documentation or information are expressly subject 
to the terms and conditions of the Intel Program License 
Subscription Agreement, the Intel Quartus Prime License Agreement,
the Intel MegaCore Function License Agreement, or other 
applicable license agreement, including, without limitation, 
that your use is for the sole purpose of programming logic 
devices manufactured by Intel and sold by Intel or its 
authorized distributors.  Please refer to the applicable 
agreement for further details.



+----------------------------------------------------------------------------------+
; Flow Summary                                                                     ;
+------------------------------------+---------------------------------------------+
; Flow Status                        ; Successful - Mon May  4 14:37:26 2020       ;
; Quartus Prime Version              ; 16.1.0 Build 196 10/24/2016 SJ Lite Edition ;
; Revision Name                      ; riscv                                       ;
; Top-level Entity Name              ; riscv_top                                   ;
; Family                             ; Cyclone IV E                                ;
; Device                             ; EP4CE115F29C7                               ;
; Timing Models                      ; Final                                       ;
; Total logic elements               ; 2,336 / 114,480 ( 2 % )                     ;
;     Total combinational functions  ; 2,223 / 114,480 ( 2 % )                     ;
;     Dedicated logic registers      ; 825 / 114,480 ( < 1 % )                     ;
; Total registers                    ; 825                                         ;
; Total pins                         ; 4 / 529 ( < 1 % )                           ;
; Total virtual pins                 ; 0                                           ;
; Total memory bits                  ; 32,768 / 3,981,312 ( < 1 % )                ;
; Embedded Multiplier 9-bit elements ; 0 / 532 ( 0 % )                             ;
; Total PLLs                         ; 0 / 4 ( 0 % )                               ;
+------------------------------------+---------------------------------------------+


+-----------------------------------------+
; Flow Settings                           ;
+-------------------+---------------------+
; Option            ; Setting             ;
+-------------------+---------------------+
; Start date & time ; 05/04/2020 14:36:26 ;
; Main task         ; Compilation         ;
; Revision Name     ; riscv               ;
+-------------------+---------------------+


+-------------------------------------------------------------------------------------------------------------------------+
; Flow Non-Default Global Settings                                                                                        ;
+-------------------------------------+----------------------------------------+---------------+-------------+------------+
; Assignment Name                     ; Value                                  ; Default Value ; Entity Name ; Section Id ;
+-------------------------------------+----------------------------------------+---------------+-------------+------------+
; COMPILER_SIGNATURE_ID               ; 52227805782.158859578645502            ; --            ; --          ; --         ;
; MAX_CORE_JUNCTION_TEMP              ; 85                                     ; --            ; --          ; --         ;
; MIN_CORE_JUNCTION_TEMP              ; 0                                      ; --            ; --          ; --         ;
; PARTITION_COLOR                     ; -- (Not supported for targeted family) ; --            ; riscv_top   ; Top        ;
; PARTITION_FITTER_PRESERVATION_LEVEL ; -- (Not supported for targeted family) ; --            ; riscv_top   ; Top        ;
; PARTITION_NETLIST_TYPE              ; -- (Not supported for targeted family) ; --            ; riscv_top   ; Top        ;
; POWER_BOARD_THERMAL_MODEL           ; None (CONSERVATIVE)                    ; --            ; --          ; --         ;
; POWER_PRESET_COOLING_SOLUTION       ; 23 MM HEAT SINK WITH 200 LFPM AIRFLOW  ; --            ; --          ; --         ;
; TOP_LEVEL_ENTITY                    ; riscv_top                              ; riscv         ; --          ; --         ;
; VERILOG_MACRO                       ; SYNTHESIS=<None>                       ; --            ; --          ; --         ;
+-------------------------------------+----------------------------------------+---------------+-------------+------------+


+-------------------------------------------------------------------------------------------------------------------------------+
; Flow Elapsed Time                                                                                                             ;
+---------------------------+--------------+-------------------------+---------------------+------------------------------------+
; Module Name               ; Elapsed Time ; Average Processors Used ; Peak Virtual Memory ; Total CPU Time (on all processors) ;
+---------------------------+--------------+-------------------------+---------------------+------------------------------------+
; Analysis & Synthesis      ; 00:00:20     ; 1.0                     ; 1024 MB             ; 00:00:25                           ;
; Fitter                    ; 00:00:35     ; 1.0                     ; 1368 MB             ; 00:00:41                           ;
; Assembler                 ; 00:00:03     ; 1.0                     ; 829 MB              ; 00:00:03                           ;
; TimeQuest Timing Analyzer ; 00:00:03     ; 1.2                     ; 924 MB              ; 00:00:03                           ;
; Total                     ; 00:01:01     ; --                      ; --                  ; 00:01:12                           ;
+---------------------------+--------------+-------------------------+---------------------+------------------------------------+


+---------------------------------------------------------------------------------------------+
; Flow OS Summary                                                                             ;
+---------------------------+------------------+----------------+------------+----------------+
; Module Name               ; Machine Hostname ; OS Name        ; OS Version ; Processor type ;
+---------------------------+------------------+----------------+------------+----------------+
; Analysis & Synthesis      ; ubuntu           ; Ubuntu 16.04.1 ; 16         ; x86_64         ;
; Fitter                    ; ubuntu           ; Ubuntu 16.04.1 ; 16         ; x86_64         ;
; Assembler                 ; ubuntu           ; Ubuntu 16.04.1 ; 16         ; x86_64         ;
; TimeQuest Timing Analyzer ; ubuntu           ; Ubuntu 16.04.1 ; 16         ; x86_64         ;
+---------------------------+------------------+----------------+------------+----------------+


------------
; Flow Log ;
------------
quartus_map --read_settings_files=on --write_settings_files=off riscv -c riscv
quartus_fit --read_settings_files=off --write_settings_files=off riscv -c riscv
quartus_asm --read_settings_files=off --write_settings_files=off riscv -c riscv
quartus_sta riscv -c riscv



